生成启动时间为 2020/5/25 14:21:02。
     1>项目“F:\毕业设计\毕业设计程序制作\第三阶段\Ray Tracker\RayTrace\RayTrace.vcxproj”在节点 2 上(Build 个目标)。
     1>ClCompile:
         C:\Program Files (x86)\Microsoft Visual Studio 12.0\VC\bin\CL.exe /c /ZI /nologo /W3 /WX- /sdl /Od /Oy- /D WIN32 /D _WINDOWS /D _DEBUG /D _UNICODE /D UNICODE /D _AFXDLL /Gm /EHsc /RTC1 /MDd /GS /fp:precise /Zc:wchar_t /Zc:forScope /Yu"stdafx.h" /Fp"Debug\RayTrace.pch" /Fo"Debug\\" /Fd"Debug\vc120.pdb" /Gd /TP /analyze- /errorReport:prompt RayTraceDlg.cpp
         RayTraceDlg.cpp
     1>f:\毕业设计\毕业设计程序制作\第三阶段\ray tracker\raytrace\object.h(12): warning C4138: 在注释外找到“*/”
     1>f:\毕业设计\毕业设计程序制作\第三阶段\ray tracker\raytrace\material.h(14): warning C4305: “参数”: 从“double”到“float”截断
     1>f:\毕业设计\毕业设计程序制作\第三阶段\ray tracker\raytrace\raytracedlg.cpp(197): warning C4305: “参数”: 从“double”到“float”截断
     1>f:\毕业设计\毕业设计程序制作\第三阶段\ray tracker\raytrace\raytracedlg.cpp(199): warning C4305: “=”: 从“double”到“float”截断
     1>f:\毕业设计\毕业设计程序制作\第三阶段\ray tracker\raytrace\raytracedlg.cpp(205): warning C4305: “=”: 从“double”到“float”截断
     1>f:\毕业设计\毕业设计程序制作\第三阶段\ray tracker\raytrace\raytracedlg.cpp(262): warning C4305: “参数”: 从“double”到“float”截断
     1>f:\毕业设计\毕业设计程序制作\第三阶段\ray tracker\raytrace\raytracedlg.cpp(263): warning C4305: “参数”: 从“double”到“float”截断
     1>f:\毕业设计\毕业设计程序制作\第三阶段\ray tracker\raytrace\raytracedlg.cpp(264): warning C4305: “参数”: 从“double”到“float”截断
     1>f:\毕业设计\毕业设计程序制作\第三阶段\ray tracker\raytrace\raytracedlg.cpp(265): warning C4305: “参数”: 从“double”到“float”截断
     1>f:\毕业设计\毕业设计程序制作\第三阶段\ray tracker\raytrace\raytracedlg.cpp(266): warning C4305: “参数”: 从“double”到“float”截断
     1>f:\毕业设计\毕业设计程序制作\第三阶段\ray tracker\raytrace\raytracedlg.cpp(267): warning C4305: “参数”: 从“double”到“float”截断
     1>f:\毕业设计\毕业设计程序制作\第三阶段\ray tracker\raytrace\raytracedlg.cpp(268): warning C4305: “参数”: 从“double”到“float”截断
     1>f:\毕业设计\毕业设计程序制作\第三阶段\ray tracker\raytrace\raytracedlg.cpp(269): warning C4305: “参数”: 从“double”到“float”截断
     1>f:\毕业设计\毕业设计程序制作\第三阶段\ray tracker\raytrace\raytracedlg.cpp(270): warning C4305: “参数”: 从“double”到“float”截断
     1>f:\毕业设计\毕业设计程序制作\第三阶段\ray tracker\raytrace\raytracedlg.cpp(271): warning C4305: “参数”: 从“double”到“float”截断
     1>f:\毕业设计\毕业设计程序制作\第三阶段\ray tracker\raytrace\raytracedlg.cpp(272): warning C4305: “参数”: 从“double”到“float”截断
     1>f:\毕业设计\毕业设计程序制作\第三阶段\ray tracker\raytrace\raytracedlg.cpp(273): warning C4305: “参数”: 从“double”到“float”截断
     1>f:\毕业设计\毕业设计程序制作\第三阶段\ray tracker\raytrace\raytracedlg.cpp(274): warning C4305: “参数”: 从“double”到“float”截断
     1>f:\毕业设计\毕业设计程序制作\第三阶段\ray tracker\raytrace\raytracedlg.cpp(362): warning C4244: “参数”: 从“int”转换到“float”，可能丢失数据
     1>f:\毕业设计\毕业设计程序制作\第三阶段\ray tracker\raytrace\raytracedlg.cpp(407): warning C4244: “初始化”: 从“float”转换到“int”，可能丢失数据
     1>f:\毕业设计\毕业设计程序制作\第三阶段\ray tracker\raytrace\raytracedlg.cpp(408): warning C4244: “=”: 从“int”转换到“float”，可能丢失数据
     1>f:\毕业设计\毕业设计程序制作\第三阶段\ray tracker\raytrace\raytracedlg.cpp(409): warning C4244: “=”: 从“int”转换到“float”，可能丢失数据
     1>f:\毕业设计\毕业设计程序制作\第三阶段\ray tracker\raytrace\raytracedlg.cpp(412): warning C4244: “初始化”: 从“double”转换到“int”，可能丢失数据
     1>f:\毕业设计\毕业设计程序制作\第三阶段\ray tracker\raytrace\raytracedlg.cpp(413): warning C4244: “=”: 从“int”转换到“float”，可能丢失数据
     1>f:\毕业设计\毕业设计程序制作\第三阶段\ray tracker\raytrace\raytracedlg.cpp(425): warning C4244: “初始化”: 从“float”转换到“int”，可能丢失数据
     1>f:\毕业设计\毕业设计程序制作\第三阶段\ray tracker\raytrace\raytracedlg.cpp(426): warning C4244: “=”: 从“int”转换到“float”，可能丢失数据
     1>f:\毕业设计\毕业设计程序制作\第三阶段\ray tracker\raytrace\raytracedlg.cpp(427): warning C4244: “=”: 从“int”转换到“float”，可能丢失数据
     1>f:\毕业设计\毕业设计程序制作\第三阶段\ray tracker\raytrace\raytracedlg.cpp(430): warning C4244: “初始化”: 从“double”转换到“int”，可能丢失数据
     1>f:\毕业设计\毕业设计程序制作\第三阶段\ray tracker\raytrace\raytracedlg.cpp(431): warning C4244: “=”: 从“int”转换到“float”，可能丢失数据
     1>f:\毕业设计\毕业设计程序制作\第三阶段\ray tracker\raytrace\raytracedlg.cpp(443): warning C4244: “初始化”: 从“float”转换到“int”，可能丢失数据
     1>f:\毕业设计\毕业设计程序制作\第三阶段\ray tracker\raytrace\raytracedlg.cpp(444): warning C4244: “=”: 从“int”转换到“float”，可能丢失数据
     1>f:\毕业设计\毕业设计程序制作\第三阶段\ray tracker\raytrace\raytracedlg.cpp(445): warning C4244: “=”: 从“int”转换到“float”，可能丢失数据
     1>f:\毕业设计\毕业设计程序制作\第三阶段\ray tracker\raytrace\raytracedlg.cpp(448): warning C4244: “初始化”: 从“double”转换到“int”，可能丢失数据
     1>f:\毕业设计\毕业设计程序制作\第三阶段\ray tracker\raytrace\raytracedlg.cpp(449): warning C4244: “=”: 从“int”转换到“float”，可能丢失数据
     1>f:\毕业设计\毕业设计程序制作\第三阶段\ray tracker\raytrace\raytracedlg.cpp(465): warning C4305: “初始化”: 从“double”到“float”截断
     1>f:\毕业设计\毕业设计程序制作\第三阶段\ray tracker\raytrace\raytracedlg.cpp(471): warning C4305: “参数”: 从“double”到“float”截断
     1>f:\毕业设计\毕业设计程序制作\第三阶段\ray tracker\raytrace\raytracedlg.cpp(498): warning C4244: “=”: 从“double”转换到“float”，可能丢失数据
     1>f:\毕业设计\毕业设计程序制作\第三阶段\ray tracker\raytrace\raytracedlg.cpp(593): warning C4800: “int”: 将值强制为布尔值“true”或“false”(性能警告)
     1>f:\毕业设计\毕业设计程序制作\第三阶段\ray tracker\raytrace\raytracedlg.cpp(594): warning C4244: “参数”: 从“int”转换到“float”，可能丢失数据
     1>f:\毕业设计\毕业设计程序制作\第三阶段\ray tracker\raytrace\raytracedlg.cpp(611): warning C4244: “参数”: 从“int”转换到“float”，可能丢失数据
     1>f:\毕业设计\毕业设计程序制作\第三阶段\ray tracker\raytrace\raytracedlg.cpp(666): warning C4800: “int”: 将值强制为布尔值“true”或“false”(性能警告)
     1>f:\毕业设计\毕业设计程序制作\第三阶段\ray tracker\raytrace\raytracedlg.cpp(667): warning C4244: “参数”: 从“int”转换到“float”，可能丢失数据
     1>f:\毕业设计\毕业设计程序制作\第三阶段\ray tracker\raytrace\raytracedlg.cpp(908): warning C4244: “初始化”: 从“double”转换到“float”，可能丢失数据
     1>f:\毕业设计\毕业设计程序制作\第三阶段\ray tracker\raytrace\raytracedlg.cpp(928): warning C4244: “初始化”: 从“double”转换到“float”，可能丢失数据
     1>f:\毕业设计\毕业设计程序制作\第三阶段\ray tracker\raytrace\raytracedlg.cpp(948): warning C4244: “初始化”: 从“double”转换到“float”，可能丢失数据
     1>f:\毕业设计\毕业设计程序制作\第三阶段\ray tracker\raytrace\raytracedlg.cpp(993): warning C4244: “初始化”: 从“double”转换到“float”，可能丢失数据
     1>f:\毕业设计\毕业设计程序制作\第三阶段\ray tracker\raytrace\raytracedlg.cpp(1009): warning C4244: “初始化”: 从“double”转换到“float”，可能丢失数据
     1>f:\毕业设计\毕业设计程序制作\第三阶段\ray tracker\raytrace\raytracedlg.cpp(1025): warning C4244: “初始化”: 从“double”转换到“float”，可能丢失数据
       Link:
         C:\Program Files (x86)\Microsoft Visual Studio 12.0\VC\bin\link.exe /ERRORREPORT:PROMPT /OUT:"F:\毕业设计\毕业设计程序制作\第三阶段\Ray Tracker\Debug\RayTrace.exe" /INCREMENTAL /NOLOGO /MANIFEST /MANIFESTUAC:"level='asInvoker' uiAccess='false'" /manifest:embed /manifestinput:"C:\Program Files (x86)\Microsoft Visual Studio 12.0\VC\Include\Manifest\dpiaware.manifest" /DEBUG /PDB:"F:\毕业设计\毕业设计程序制作\第三阶段\Ray Tracker\Debug\RayTrace.pdb" /SUBSYSTEM:WINDOWS /TLBID:1 /ENTRY:"wWinMainCRTStartup" /DYNAMICBASE /NXCOMPAT /IMPLIB:"F:\毕业设计\毕业设计程序制作\第三阶段\Ray Tracker\Debug\RayTrace.lib" /MACHINE:X86 Debug\RayTrace.res
         Debug\Box.obj
         Debug\Camera.obj
         Debug\Checker2D.obj
         Debug\Diffuse.obj
         Debug\Face.obj
         Debug\Friction.obj
         Debug\Material.obj
         Debug\Matrix.obj
         Debug\Object.obj
         Debug\HitGroup.obj
         Debug\Ray.obj
         Debug\RayTrace.obj
         Debug\RayTraceDlg.obj
         Debug\RGB.obj
         Debug\Specular.obj
         Debug\stdafx.obj
         Debug\Transform.obj
         Debug\Transparent.obj
         Debug\Vector3.obj
         Debug\World.obj
         RayTrace.vcxproj -> F:\毕业设计\毕业设计程序制作\第三阶段\Ray Tracker\Debug\RayTrace.exe
     1>已完成生成项目“F:\毕业设计\毕业设计程序制作\第三阶段\Ray Tracker\RayTrace\RayTrace.vcxproj”(Build 个目标)的操作。

生成成功。

已用时间 00:00:25.24
