f:\毕业设计\毕业设计程序制作\第三阶段\ray tracker\raytrace\debug\raytrace.pch
f:\毕业设计\毕业设计程序制作\第三阶段\ray tracker\raytrace\debug\vc120.pdb
f:\毕业设计\毕业设计程序制作\第三阶段\ray tracker\raytrace\debug\vc120.idb
f:\毕业设计\毕业设计程序制作\第三阶段\ray tracker\raytrace\debug\stdafx.obj
f:\毕业设计\毕业设计程序制作\第三阶段\ray tracker\raytrace\debug\box.obj
f:\毕业设计\毕业设计程序制作\第三阶段\ray tracker\raytrace\debug\camera.obj
f:\毕业设计\毕业设计程序制作\第三阶段\ray tracker\raytrace\debug\checker2d.obj
f:\毕业设计\毕业设计程序制作\第三阶段\ray tracker\raytrace\debug\diffuse.obj
f:\毕业设计\毕业设计程序制作\第三阶段\ray tracker\raytrace\debug\face.obj
f:\毕业设计\毕业设计程序制作\第三阶段\ray tracker\raytrace\debug\friction.obj
f:\毕业设计\毕业设计程序制作\第三阶段\ray tracker\raytrace\debug\helpdlg.obj
f:\毕业设计\毕业设计程序制作\第三阶段\ray tracker\raytrace\debug\material.obj
f:\毕业设计\毕业设计程序制作\第三阶段\ray tracker\raytrace\debug\matrix.obj
f:\毕业设计\毕业设计程序制作\第三阶段\ray tracker\raytrace\debug\object.obj
f:\毕业设计\毕业设计程序制作\第三阶段\ray tracker\raytrace\debug\hitgroup.obj
f:\毕业设计\毕业设计程序制作\第三阶段\ray tracker\raytrace\debug\ray.obj
f:\毕业设计\毕业设计程序制作\第三阶段\ray tracker\raytrace\debug\raytrace.obj
f:\毕业设计\毕业设计程序制作\第三阶段\ray tracker\raytrace\debug\raytracedlg.obj
f:\毕业设计\毕业设计程序制作\第三阶段\ray tracker\raytrace\debug\rgb.obj
f:\毕业设计\毕业设计程序制作\第三阶段\ray tracker\raytrace\debug\specular.obj
f:\毕业设计\毕业设计程序制作\第三阶段\ray tracker\raytrace\debug\transform.obj
f:\毕业设计\毕业设计程序制作\第三阶段\ray tracker\raytrace\debug\transparent.obj
f:\毕业设计\毕业设计程序制作\第三阶段\ray tracker\raytrace\debug\vector3.obj
f:\毕业设计\毕业设计程序制作\第三阶段\ray tracker\raytrace\debug\world.obj
f:\毕业设计\毕业设计程序制作\第三阶段\ray tracker - 副本\raytrace\debug\raytrace.pch
f:\毕业设计\毕业设计程序制作\第三阶段\ray tracker - 副本\raytrace\debug\vc120.pdb
f:\毕业设计\毕业设计程序制作\第三阶段\ray tracker - 副本\raytrace\debug\vc120.idb
f:\毕业设计\毕业设计程序制作\第三阶段\ray tracker - 副本\raytrace\debug\stdafx.obj
f:\毕业设计\毕业设计程序制作\第三阶段\ray tracker - 副本\raytrace\debug\box.obj
f:\毕业设计\毕业设计程序制作\第三阶段\ray tracker - 副本\raytrace\debug\camera.obj
f:\毕业设计\毕业设计程序制作\第三阶段\ray tracker - 副本\raytrace\debug\checker2d.obj
f:\毕业设计\毕业设计程序制作\第三阶段\ray tracker - 副本\raytrace\debug\diffuse.obj
f:\毕业设计\毕业设计程序制作\第三阶段\ray tracker - 副本\raytrace\debug\face.obj
f:\毕业设计\毕业设计程序制作\第三阶段\ray tracker - 副本\raytrace\debug\friction.obj
f:\毕业设计\毕业设计程序制作\第三阶段\ray tracker - 副本\raytrace\debug\material.obj
f:\毕业设计\毕业设计程序制作\第三阶段\ray tracker - 副本\raytrace\debug\matrix.obj
f:\毕业设计\毕业设计程序制作\第三阶段\ray tracker - 副本\raytrace\debug\object.obj
f:\毕业设计\毕业设计程序制作\第三阶段\ray tracker - 副本\raytrace\debug\hitgroup.obj
f:\毕业设计\毕业设计程序制作\第三阶段\ray tracker - 副本\raytrace\debug\ray.obj
f:\毕业设计\毕业设计程序制作\第三阶段\ray tracker - 副本\raytrace\debug\raytrace.obj
f:\毕业设计\毕业设计程序制作\第三阶段\ray tracker - 副本\raytrace\debug\raytracedlg.obj
f:\毕业设计\毕业设计程序制作\第三阶段\ray tracker - 副本\raytrace\debug\rgb.obj
f:\毕业设计\毕业设计程序制作\第三阶段\ray tracker - 副本\raytrace\debug\specular.obj
f:\毕业设计\毕业设计程序制作\第三阶段\ray tracker - 副本\raytrace\debug\transform.obj
f:\毕业设计\毕业设计程序制作\第三阶段\ray tracker - 副本\raytrace\debug\transparent.obj
f:\毕业设计\毕业设计程序制作\第三阶段\ray tracker - 副本\raytrace\debug\vector3.obj
f:\毕业设计\毕业设计程序制作\第三阶段\ray tracker - 副本\raytrace\debug\world.obj
f:\毕业设计\毕业设计程序制作\第三阶段\ray tracker\debug\raytrace.ilk
f:\毕业设计\毕业设计程序制作\第三阶段\ray tracker\debug\raytrace.exe
f:\毕业设计\毕业设计程序制作\第三阶段\ray tracker\debug\raytrace.pdb
f:\毕业设计\毕业设计程序制作\第三阶段\ray tracker - 副本\debug\raytrace.ilk
f:\毕业设计\毕业设计程序制作\第三阶段\ray tracker - 副本\debug\raytrace.exe
f:\毕业设计\毕业设计程序制作\第三阶段\ray tracker - 副本\debug\raytrace.pdb
f:\毕业设计\毕业设计程序制作\第三阶段\ray tracker\raytrace\debug\raytrace.res
f:\毕业设计\毕业设计程序制作\第三阶段\ray tracker - 副本\raytrace\debug\raytrace.res
f:\毕业设计\毕业设计程序制作\第三阶段\ray tracker - 副本\raytrace\debug\diamond.obj
f:\毕业设计\毕业设计程序制作\第三阶段\ray tracker - 副本\raytrace\debug\helpdlg.obj
f:\毕业设计\毕业设计程序制作\第三阶段\ray tracker - 副本\raytrace\debug\vector2.obj
f:\毕业设计\毕业设计程序制作\第三阶段\ray tracker - 副本\raytrace\debug\raytrace.tlog\cl.command.1.tlog
f:\毕业设计\毕业设计程序制作\第三阶段\ray tracker - 副本\raytrace\debug\raytrace.tlog\cl.read.1.tlog
f:\毕业设计\毕业设计程序制作\第三阶段\ray tracker - 副本\raytrace\debug\raytrace.tlog\cl.write.1.tlog
f:\毕业设计\毕业设计程序制作\第三阶段\ray tracker - 副本\raytrace\debug\raytrace.tlog\link.command.1.tlog
f:\毕业设计\毕业设计程序制作\第三阶段\ray tracker - 副本\raytrace\debug\raytrace.tlog\link.read.1.tlog
f:\毕业设计\毕业设计程序制作\第三阶段\ray tracker - 副本\raytrace\debug\raytrace.tlog\link.write.1.tlog
f:\毕业设计\毕业设计程序制作\第三阶段\ray tracker - 副本\raytrace\debug\raytrace.tlog\rc.command.1.tlog
f:\毕业设计\毕业设计程序制作\第三阶段\ray tracker - 副本\raytrace\debug\raytrace.tlog\rc.read.1.tlog
f:\毕业设计\毕业设计程序制作\第三阶段\ray tracker - 副本\raytrace\debug\raytrace.tlog\rc.write.1.tlog
